  HeartBeatThread.cpp
  IOCPClass.cpp
  ListenClass.cpp
d:\작업관련\포폴\rpg\rpg_server\rpg_server\listenclass.cpp(88): warning C4477: 'printf' : 서식 문자열 '%d'에 'int' 형식의 인수가 필요하지만 variadic 인수 1의 형식이 'unsigned __int64'입니다.
  d:\작업관련\포폴\rpg\rpg_server\rpg_server\listenclass.cpp(88): note: 서식 문자열에서 '%zd'을(를) 사용하는 것이 좋습니다.
d:\작업관련\포폴\rpg\rpg_server\rpg_server\listenclass.cpp(89): warning C4477: 'printf' : 서식 문자열 '%d'에 'int' 형식의 인수가 필요하지만 variadic 인수 1의 형식이 'SOCKET'입니다.
  d:\작업관련\포폴\rpg\rpg_server\rpg_server\listenclass.cpp(89): note: 서식 문자열에서 '%lld'을(를) 사용하는 것이 좋습니다.
  d:\작업관련\포폴\rpg\rpg_server\rpg_server\listenclass.cpp(89): note: 서식 문자열에서 '%Id'을(를) 사용하는 것이 좋습니다.
  d:\작업관련\포폴\rpg\rpg_server\rpg_server\listenclass.cpp(89): note: 서식 문자열에서 '%I64d'을(를) 사용하는 것이 좋습니다.
  Monster.cpp
  MonsterLogicThread.cpp
d:\작업관련\포폴\rpg\rpg_server\rpg_server\monsterlogicthread.cpp(139): warning C4267: '=': 'size_t'에서 'WORD'(으)로 변환하면서 데이터가 손실될 수 있습니다.
  RPGServer.cpp
  ServerLogicThread.cpp
d:\작업관련\포폴\rpg\rpg_server\rpg_server\serverlogicthread.cpp(69): warning C4477: 'printf' : 서식 문자열 '%d'에 'int' 형식의 인수가 필요하지만 variadic 인수 1의 형식이 'unsigned __int64'입니다.
  d:\작업관련\포폴\rpg\rpg_server\rpg_server\serverlogicthread.cpp(69): note: 서식 문자열에서 '%zd'을(를) 사용하는 것이 좋습니다.
  Session.cpp
d:\작업관련\포폴\rpg\rpg_server\rpg_server\session.cpp(52): warning C4477: 'printf' : 서식 문자열 '%d'에 'int' 형식의 인수가 필요하지만 variadic 인수 1의 형식이 'SOCKET'입니다.
  d:\작업관련\포폴\rpg\rpg_server\rpg_server\session.cpp(52): note: 서식 문자열에서 '%lld'을(를) 사용하는 것이 좋습니다.
  d:\작업관련\포폴\rpg\rpg_server\rpg_server\session.cpp(52): note: 서식 문자열에서 '%Id'을(를) 사용하는 것이 좋습니다.
  d:\작업관련\포폴\rpg\rpg_server\rpg_server\session.cpp(52): note: 서식 문자열에서 '%I64d'을(를) 사용하는 것이 좋습니다.
d:\작업관련\포폴\rpg\rpg_server\rpg_server\session.cpp(143): warning C4477: 'printf' : 서식 문자열 '%d'에 'int' 형식의 인수가 필요하지만 variadic 인수 1의 형식이 'SOCKET'입니다.
  d:\작업관련\포폴\rpg\rpg_server\rpg_server\session.cpp(143): note: 서식 문자열에서 '%lld'을(를) 사용하는 것이 좋습니다.
  d:\작업관련\포폴\rpg\rpg_server\rpg_server\session.cpp(143): note: 서식 문자열에서 '%Id'을(를) 사용하는 것이 좋습니다.
  d:\작업관련\포폴\rpg\rpg_server\rpg_server\session.cpp(143): note: 서식 문자열에서 '%I64d'을(를) 사용하는 것이 좋습니다.
d:\작업관련\포폴\rpg\rpg_server\rpg_server\session.cpp(169): warning C4477: 'printf' : 서식 문자열 '%d'에 'int' 형식의 인수가 필요하지만 variadic 인수 1의 형식이 'SOCKET'입니다.
  d:\작업관련\포폴\rpg\rpg_server\rpg_server\session.cpp(169): note: 서식 문자열에서 '%lld'을(를) 사용하는 것이 좋습니다.
  d:\작업관련\포폴\rpg\rpg_server\rpg_server\session.cpp(169): note: 서식 문자열에서 '%Id'을(를) 사용하는 것이 좋습니다.
  d:\작업관련\포폴\rpg\rpg_server\rpg_server\session.cpp(169): note: 서식 문자열에서 '%I64d'을(를) 사용하는 것이 좋습니다.
d:\작업관련\포폴\rpg\rpg_server\rpg_server\session.cpp(195): warning C4477: 'printf' : 서식 문자열 '%d'에 'int' 형식의 인수가 필요하지만 variadic 인수 1의 형식이 'SOCKET'입니다.
  d:\작업관련\포폴\rpg\rpg_server\rpg_server\session.cpp(195): note: 서식 문자열에서 '%lld'을(를) 사용하는 것이 좋습니다.
  d:\작업관련\포폴\rpg\rpg_server\rpg_server\session.cpp(195): note: 서식 문자열에서 '%Id'을(를) 사용하는 것이 좋습니다.
  d:\작업관련\포폴\rpg\rpg_server\rpg_server\session.cpp(195): note: 서식 문자열에서 '%I64d'을(를) 사용하는 것이 좋습니다.
  SessionManager.cpp
d:\작업관련\포폴\rpg\rpg_server\rpg_server\objectpool.h(24): warning C4267: 'return': 'size_t'에서 'int'(으)로 변환하면서 데이터가 손실될 수 있습니다.
  d:\작업관련\포폴\rpg\rpg_server\rpg_server\objectpool.h(23): note: 클래스 템플릿 멤버 함수 'int ObjectPool<Session>::GetCount(void)'을(를) 컴파일하고 있습니다.
  d:\작업관련\포폴\rpg\rpg_server\rpg_server\sessionmanager.cpp(7): note: 컴파일 중인 함수 템플릿 인스턴스화 'int ObjectPool<Session>::GetCount(void)'에 대한 참조를 확인하십시오.
  d:\작업관련\포폴\rpg\rpg_server\rpg_server\sessionmanager.h(23): note: 컴파일 중인 클래스 템플릿 인스턴스화 'ObjectPool<Session>'에 대한 참조를 확인하세요.
  User.cpp
d:\작업관련\포폴\rpg\rpg_server\rpg_server\user.cpp(221): warning C4477: 'printf' : 서식 문자열 '%d'에 'int' 형식의 인수가 필요하지만 variadic 인수 1의 형식이 'SOCKET'입니다.
  d:\작업관련\포폴\rpg\rpg_server\rpg_server\user.cpp(221): note: 서식 문자열에서 '%lld'을(를) 사용하는 것이 좋습니다.
  d:\작업관련\포폴\rpg\rpg_server\rpg_server\user.cpp(221): note: 서식 문자열에서 '%Id'을(를) 사용하는 것이 좋습니다.
  d:\작업관련\포폴\rpg\rpg_server\rpg_server\user.cpp(221): note: 서식 문자열에서 '%I64d'을(를) 사용하는 것이 좋습니다.
  WorkerThread.cpp
  Zone.cpp
  ZoneManager.cpp
  ZoneTilesData.cpp
  main.cpp
  코드를 생성하고 있습니다...
  RPG_Server.vcxproj -> D:\작업관련\포폴\RPG\RPG_Server\x64\Debug\RPG_Server.exe
