d:\작업관련\sourcetree\mmorpg\rpg_server\rpg_server\x64\debug\vc141.pdb
d:\작업관련\sourcetree\mmorpg\rpg_server\rpg_server\x64\debug\vc141.idb
d:\작업관련\sourcetree\mmorpg\rpg_server\rpg_server\x64\debug\fieldmanager.obj
d:\작업관련\sourcetree\mmorpg\rpg_server\rpg_server\x64\debug\field.obj
d:\작업관련\sourcetree\mmorpg\rpg_server\rpg_server\x64\debug\workerthread.obj
d:\작업관련\sourcetree\mmorpg\rpg_server\rpg_server\x64\debug\user.obj
d:\작업관련\sourcetree\mmorpg\rpg_server\rpg_server\x64\debug\ringbuffer.obj
d:\작업관련\sourcetree\mmorpg\rpg_server\rpg_server\x64\debug\main.obj
d:\작업관련\sourcetree\mmorpg\rpg_server\rpg_server\x64\debug\iocpclass.obj
d:\작업관련\sourcetree\mmorpg\rpg_server\rpg_server\x64\debug\unit.obj
d:\작업관련\sourcetree\mmorpg\rpg_server\rpg_server\x64\debug\sessionmanager.obj
d:\작업관련\sourcetree\mmorpg\rpg_server\rpg_server\x64\debug\session.obj
d:\작업관련\sourcetree\mmorpg\rpg_server\rpg_server\x64\debug\listenclass.obj
d:\작업관련\sourcetree\mmorpg\rpg_server\rpg_server\x64\debug\serverlogicthread.obj
d:\작업관련\sourcetree\mmorpg\rpg_server\rpg_server\x64\debug\sectormanager.obj
d:\작업관련\sourcetree\mmorpg\rpg_server\rpg_server\x64\debug\sector.obj
d:\작업관련\sourcetree\mmorpg\rpg_server\rpg_server\x64\debug\criticalsectionclass.obj
d:\작업관련\sourcetree\mmorpg\rpg_server\rpg_server\x64\debug\zoneserver.obj
d:\작업관련\sourcetree\mmorpg\rpg_server\rpg_server\x64\debug\mysqlclass.obj
d:\작업관련\sourcetree\mmorpg\rpg_server\rpg_server\x64\debug\monsterlogicthread.obj
d:\작업관련\sourcetree\mmorpg\rpg_server\rpg_server\x64\debug\monster.obj
d:\작업관련\sourcetree\mmorpg\rpg_server\rpg_server\x64\debug\heartbeatthread.obj
d:\작업관련\sourcetree\mmorpg\rpg_server\rpg_server\x64\debug\fieldtilesdata.obj
d:\작업관련\sourcetree\mmorpg\rpg_server\x64\debug\rpg_server.exe
d:\작업관련\sourcetree\mmorpg\rpg_server\x64\debug\rpg_server.ilk
d:\작업관련\sourcetree\mmorpg\rpg_server\x64\debug\rpg_server.pdb
d:\작업관련\sourcetree\mmorpg\rpg_server\rpg_server\x64\debug\rpg_server.tlog\cl.command.1.tlog
d:\작업관련\sourcetree\mmorpg\rpg_server\rpg_server\x64\debug\rpg_server.tlog\cl.read.1.tlog
d:\작업관련\sourcetree\mmorpg\rpg_server\rpg_server\x64\debug\rpg_server.tlog\cl.write.1.tlog
d:\작업관련\sourcetree\mmorpg\rpg_server\rpg_server\x64\debug\rpg_server.tlog\link.command.1.tlog
d:\작업관련\sourcetree\mmorpg\rpg_server\rpg_server\x64\debug\rpg_server.tlog\link.read.1.tlog
d:\작업관련\sourcetree\mmorpg\rpg_server\rpg_server\x64\debug\rpg_server.tlog\link.write.1.tlog
