  Acceptor.cpp
  Field.cpp
  FieldManager.cpp
  FieldTilesData.cpp
  Monster.cpp
d:\작업관련\sourcetree\mmorpg\serverportfolio\zoneserver\zoneserver\monster.cpp(386): warning C4244: '=': 'int'에서 'float'(으)로 변환하면서 데이터가 손실될 수 있습니다.
d:\작업관련\sourcetree\mmorpg\serverportfolio\zoneserver\zoneserver\monster.cpp(387): warning C4244: '=': 'int'에서 'float'(으)로 변환하면서 데이터가 손실될 수 있습니다.
d:\작업관련\sourcetree\mmorpg\serverportfolio\zoneserver\zoneserver\monster.cpp(388): warning C4244: '=': 'int'에서 'float'(으)로 변환하면서 데이터가 손실될 수 있습니다.
d:\작업관련\sourcetree\mmorpg\serverportfolio\zoneserver\zoneserver\monster.cpp(389): warning C4244: '=': 'int'에서 'float'(으)로 변환하면서 데이터가 손실될 수 있습니다.
d:\작업관련\sourcetree\mmorpg\serverportfolio\zoneserver\zoneserver\monster.cpp(489): warning C4244: '인수': 'float'에서 'int'(으)로 변환하면서 데이터가 손실될 수 있습니다.
  MonsterManager.cpp
  Sector.cpp
  SectorManager.cpp
  MainThread.cpp
  Unit.cpp
  User.cpp
d:\작업관련\sourcetree\mmorpg\serverportfolio\zoneserver\zoneserver\user.cpp(63): warning C4477: 'printf' : 서식 문자열 '%d'에 'int' 형식의 인수가 필요하지만 variadic 인수 3의 형식이 'SOCKET'입니다.
  d:\작업관련\sourcetree\mmorpg\serverportfolio\zoneserver\zoneserver\user.cpp(63): note: 서식 문자열에서 '%lld'을(를) 사용하는 것이 좋습니다.
  d:\작업관련\sourcetree\mmorpg\serverportfolio\zoneserver\zoneserver\user.cpp(63): note: 서식 문자열에서 '%Id'을(를) 사용하는 것이 좋습니다.
  d:\작업관련\sourcetree\mmorpg\serverportfolio\zoneserver\zoneserver\user.cpp(63): note: 서식 문자열에서 '%I64d'을(를) 사용하는 것이 좋습니다.
d:\작업관련\sourcetree\mmorpg\serverportfolio\zoneserver\zoneserver\user.cpp(67): warning C4477: 'printf' : 서식 문자열 '%d'에 'int' 형식의 인수가 필요하지만 variadic 인수 3의 형식이 'SOCKET'입니다.
  d:\작업관련\sourcetree\mmorpg\serverportfolio\zoneserver\zoneserver\user.cpp(67): note: 서식 문자열에서 '%lld'을(를) 사용하는 것이 좋습니다.
  d:\작업관련\sourcetree\mmorpg\serverportfolio\zoneserver\zoneserver\user.cpp(67): note: 서식 문자열에서 '%Id'을(를) 사용하는 것이 좋습니다.
  d:\작업관련\sourcetree\mmorpg\serverportfolio\zoneserver\zoneserver\user.cpp(67): note: 서식 문자열에서 '%I64d'을(를) 사용하는 것이 좋습니다.
d:\작업관련\sourcetree\mmorpg\serverportfolio\zoneserver\zoneserver\user.cpp(94): warning C4477: 'printf' : 서식 문자열 '%d'에 'int' 형식의 인수가 필요하지만 variadic 인수 3의 형식이 'SOCKET'입니다.
  d:\작업관련\sourcetree\mmorpg\serverportfolio\zoneserver\zoneserver\user.cpp(94): note: 서식 문자열에서 '%lld'을(를) 사용하는 것이 좋습니다.
  d:\작업관련\sourcetree\mmorpg\serverportfolio\zoneserver\zoneserver\user.cpp(94): note: 서식 문자열에서 '%Id'을(를) 사용하는 것이 좋습니다.
  d:\작업관련\sourcetree\mmorpg\serverportfolio\zoneserver\zoneserver\user.cpp(94): note: 서식 문자열에서 '%I64d'을(를) 사용하는 것이 좋습니다.
d:\작업관련\sourcetree\mmorpg\serverportfolio\zoneserver\zoneserver\user.cpp(98): warning C4477: 'printf' : 서식 문자열 '%d'에 'int' 형식의 인수가 필요하지만 variadic 인수 3의 형식이 'SOCKET'입니다.
  d:\작업관련\sourcetree\mmorpg\serverportfolio\zoneserver\zoneserver\user.cpp(98): note: 서식 문자열에서 '%lld'을(를) 사용하는 것이 좋습니다.
  d:\작업관련\sourcetree\mmorpg\serverportfolio\zoneserver\zoneserver\user.cpp(98): note: 서식 문자열에서 '%Id'을(를) 사용하는 것이 좋습니다.
  d:\작업관련\sourcetree\mmorpg\serverportfolio\zoneserver\zoneserver\user.cpp(98): note: 서식 문자열에서 '%I64d'을(를) 사용하는 것이 좋습니다.
d:\작업관련\sourcetree\mmorpg\serverportfolio\zoneserver\zoneserver\user.cpp(330): warning C4477: 'printf' : 서식 문자열 '%d'에 'int' 형식의 인수가 필요하지만 variadic 인수 3의 형식이 'SOCKET'입니다.
  d:\작업관련\sourcetree\mmorpg\serverportfolio\zoneserver\zoneserver\user.cpp(330): note: 서식 문자열에서 '%lld'을(를) 사용하는 것이 좋습니다.
  d:\작업관련\sourcetree\mmorpg\serverportfolio\zoneserver\zoneserver\user.cpp(330): note: 서식 문자열에서 '%Id'을(를) 사용하는 것이 좋습니다.
  d:\작업관련\sourcetree\mmorpg\serverportfolio\zoneserver\zoneserver\user.cpp(330): note: 서식 문자열에서 '%I64d'을(를) 사용하는 것이 좋습니다.
  ZoneServer.cpp
  코드를 생성하고 있습니다...
  DBConnector.cpp
d:\작업관련\sourcetree\mmorpg\serverportfolio\zoneserver\zoneserver\dbconnector.cpp(74): warning C4477: 'printf' : 서식 문자열 '%d'에 'int' 형식의 인수가 필요하지만 variadic 인수 3의 형식이 'SOCKET'입니다.
  d:\작업관련\sourcetree\mmorpg\serverportfolio\zoneserver\zoneserver\dbconnector.cpp(74): note: 서식 문자열에서 '%lld'을(를) 사용하는 것이 좋습니다.
  d:\작업관련\sourcetree\mmorpg\serverportfolio\zoneserver\zoneserver\dbconnector.cpp(74): note: 서식 문자열에서 '%Id'을(를) 사용하는 것이 좋습니다.
  d:\작업관련\sourcetree\mmorpg\serverportfolio\zoneserver\zoneserver\dbconnector.cpp(74): note: 서식 문자열에서 '%I64d'을(를) 사용하는 것이 좋습니다.
d:\작업관련\sourcetree\mmorpg\serverportfolio\zoneserver\zoneserver\dbconnector.cpp(78): warning C4477: 'printf' : 서식 문자열 '%d'에 'int' 형식의 인수가 필요하지만 variadic 인수 3의 형식이 'SOCKET'입니다.
  d:\작업관련\sourcetree\mmorpg\serverportfolio\zoneserver\zoneserver\dbconnector.cpp(78): note: 서식 문자열에서 '%lld'을(를) 사용하는 것이 좋습니다.
  d:\작업관련\sourcetree\mmorpg\serverportfolio\zoneserver\zoneserver\dbconnector.cpp(78): note: 서식 문자열에서 '%Id'을(를) 사용하는 것이 좋습니다.
  d:\작업관련\sourcetree\mmorpg\serverportfolio\zoneserver\zoneserver\dbconnector.cpp(78): note: 서식 문자열에서 '%I64d'을(를) 사용하는 것이 좋습니다.
  LogInConnector.cpp
d:\작업관련\sourcetree\mmorpg\serverportfolio\zoneserver\zoneserver\loginconnector.cpp(75): warning C4477: 'printf' : 서식 문자열 '%d'에 'int' 형식의 인수가 필요하지만 variadic 인수 3의 형식이 'SOCKET'입니다.
  d:\작업관련\sourcetree\mmorpg\serverportfolio\zoneserver\zoneserver\loginconnector.cpp(75): note: 서식 문자열에서 '%lld'을(를) 사용하는 것이 좋습니다.
  d:\작업관련\sourcetree\mmorpg\serverportfolio\zoneserver\zoneserver\loginconnector.cpp(75): note: 서식 문자열에서 '%Id'을(를) 사용하는 것이 좋습니다.
  d:\작업관련\sourcetree\mmorpg\serverportfolio\zoneserver\zoneserver\loginconnector.cpp(75): note: 서식 문자열에서 '%I64d'을(를) 사용하는 것이 좋습니다.
d:\작업관련\sourcetree\mmorpg\serverportfolio\zoneserver\zoneserver\loginconnector.cpp(79): warning C4477: 'printf' : 서식 문자열 '%d'에 'int' 형식의 인수가 필요하지만 variadic 인수 3의 형식이 'SOCKET'입니다.
  d:\작업관련\sourcetree\mmorpg\serverportfolio\zoneserver\zoneserver\loginconnector.cpp(79): note: 서식 문자열에서 '%lld'을(를) 사용하는 것이 좋습니다.
  d:\작업관련\sourcetree\mmorpg\serverportfolio\zoneserver\zoneserver\loginconnector.cpp(79): note: 서식 문자열에서 '%Id'을(를) 사용하는 것이 좋습니다.
  d:\작업관련\sourcetree\mmorpg\serverportfolio\zoneserver\zoneserver\loginconnector.cpp(79): note: 서식 문자열에서 '%I64d'을(를) 사용하는 것이 좋습니다.
  main.cpp
  MonsterTable.cpp
  PacketHandler.cpp
  PathFinderAgent.cpp
d:\작업관련\sourcetree\mmorpg\serverportfolio\zoneserver\zoneserver\pathfinderagent.cpp(64): warning C4477: 'printf' : 서식 문자열 '%d'에 'int' 형식의 인수가 필요하지만 variadic 인수 3의 형식이 'SOCKET'입니다.
  d:\작업관련\sourcetree\mmorpg\serverportfolio\zoneserver\zoneserver\pathfinderagent.cpp(64): note: 서식 문자열에서 '%lld'을(를) 사용하는 것이 좋습니다.
  d:\작업관련\sourcetree\mmorpg\serverportfolio\zoneserver\zoneserver\pathfinderagent.cpp(64): note: 서식 문자열에서 '%Id'을(를) 사용하는 것이 좋습니다.
  d:\작업관련\sourcetree\mmorpg\serverportfolio\zoneserver\zoneserver\pathfinderagent.cpp(64): note: 서식 문자열에서 '%I64d'을(를) 사용하는 것이 좋습니다.
d:\작업관련\sourcetree\mmorpg\serverportfolio\zoneserver\zoneserver\pathfinderagent.cpp(68): warning C4477: 'printf' : 서식 문자열 '%d'에 'int' 형식의 인수가 필요하지만 variadic 인수 3의 형식이 'SOCKET'입니다.
  d:\작업관련\sourcetree\mmorpg\serverportfolio\zoneserver\zoneserver\pathfinderagent.cpp(68): note: 서식 문자열에서 '%lld'을(를) 사용하는 것이 좋습니다.
  d:\작업관련\sourcetree\mmorpg\serverportfolio\zoneserver\zoneserver\pathfinderagent.cpp(68): note: 서식 문자열에서 '%Id'을(를) 사용하는 것이 좋습니다.
  d:\작업관련\sourcetree\mmorpg\serverportfolio\zoneserver\zoneserver\pathfinderagent.cpp(68): note: 서식 문자열에서 '%I64d'을(를) 사용하는 것이 좋습니다.
d:\작업관련\sourcetree\mmorpg\serverportfolio\zoneserver\zoneserver\pathfinderagent.cpp(126): warning C4244: '=': 'int'에서 'float'(으)로 변환하면서 데이터가 손실될 수 있습니다.
d:\작업관련\sourcetree\mmorpg\serverportfolio\zoneserver\zoneserver\pathfinderagent.cpp(127): warning C4244: '=': 'int'에서 'float'(으)로 변환하면서 데이터가 손실될 수 있습니다.
d:\작업관련\sourcetree\mmorpg\serverportfolio\zoneserver\zoneserver\pathfinderagent.cpp(128): warning C4244: '=': 'int'에서 'float'(으)로 변환하면서 데이터가 손실될 수 있습니다.
d:\작업관련\sourcetree\mmorpg\serverportfolio\zoneserver\zoneserver\pathfinderagent.cpp(129): warning C4244: '=': 'int'에서 'float'(으)로 변환하면서 데이터가 손실될 수 있습니다.
  ThreadSchedular.cpp
  UserManager.cpp
  코드를 생성하고 있습니다...
  ZoneServer.vcxproj -> D:\작업관련\SourceTree\MMORPG\ServerPortfolio\ZoneServer\x64\Debug\ZoneServer.exe
