d:\작업관련\sourcetree\mmorpg\serverportfolio\zoneserver\zoneserver\x64\debug\vc141.pdb
d:\작업관련\sourcetree\mmorpg\serverportfolio\zoneserver\zoneserver\x64\debug\vc141.idb
d:\작업관련\sourcetree\mmorpg\serverportfolio\zoneserver\zoneserver\x64\debug\zoneserver.obj
d:\작업관련\sourcetree\mmorpg\serverportfolio\zoneserver\zoneserver\x64\debug\user.obj
d:\작업관련\sourcetree\mmorpg\serverportfolio\zoneserver\zoneserver\x64\debug\unit.obj
d:\작업관련\sourcetree\mmorpg\serverportfolio\zoneserver\zoneserver\x64\debug\mainthread.obj
d:\작업관련\sourcetree\mmorpg\serverportfolio\zoneserver\zoneserver\x64\debug\sectormanager.obj
d:\작업관련\sourcetree\mmorpg\serverportfolio\zoneserver\zoneserver\x64\debug\sector.obj
d:\작업관련\sourcetree\mmorpg\serverportfolio\zoneserver\zoneserver\x64\debug\monstermanager.obj
d:\작업관련\sourcetree\mmorpg\serverportfolio\zoneserver\zoneserver\x64\debug\monster.obj
d:\작업관련\sourcetree\mmorpg\serverportfolio\zoneserver\zoneserver\x64\debug\fieldtilesdata.obj
d:\작업관련\sourcetree\mmorpg\serverportfolio\zoneserver\zoneserver\x64\debug\fieldmanager.obj
d:\작업관련\sourcetree\mmorpg\serverportfolio\zoneserver\zoneserver\x64\debug\field.obj
d:\작업관련\sourcetree\mmorpg\serverportfolio\zoneserver\zoneserver\x64\debug\acceptor.obj
d:\작업관련\sourcetree\mmorpg\serverportfolio\zoneserver\zoneserver\x64\debug\usermanager.obj
d:\작업관련\sourcetree\mmorpg\serverportfolio\zoneserver\zoneserver\x64\debug\threadschedular.obj
d:\작업관련\sourcetree\mmorpg\serverportfolio\zoneserver\zoneserver\x64\debug\pathfinderagent.obj
d:\작업관련\sourcetree\mmorpg\serverportfolio\zoneserver\zoneserver\x64\debug\packethandler.obj
d:\작업관련\sourcetree\mmorpg\serverportfolio\zoneserver\zoneserver\x64\debug\monstertable.obj
d:\작업관련\sourcetree\mmorpg\serverportfolio\zoneserver\zoneserver\x64\debug\main.obj
d:\작업관련\sourcetree\mmorpg\serverportfolio\zoneserver\zoneserver\x64\debug\loginconnector.obj
d:\작업관련\sourcetree\mmorpg\serverportfolio\zoneserver\zoneserver\x64\debug\dbconnector.obj
d:\작업관련\sourcetree\mmorpg\serverportfolio\zoneserver\x64\debug\zoneserver.exe
d:\작업관련\sourcetree\mmorpg\serverportfolio\zoneserver\x64\debug\zoneserver.ilk
d:\작업관련\sourcetree\mmorpg\serverportfolio\zoneserver\x64\debug\zoneserver.pdb
d:\작업관련\sourcetree\mmorpg\serverportfolio\zoneserver\zoneserver\x64\debug\zoneserver.tlog\cl.command.1.tlog
d:\작업관련\sourcetree\mmorpg\serverportfolio\zoneserver\zoneserver\x64\debug\zoneserver.tlog\cl.read.1.tlog
d:\작업관련\sourcetree\mmorpg\serverportfolio\zoneserver\zoneserver\x64\debug\zoneserver.tlog\cl.write.1.tlog
d:\작업관련\sourcetree\mmorpg\serverportfolio\zoneserver\zoneserver\x64\debug\zoneserver.tlog\link.command.1.tlog
d:\작업관련\sourcetree\mmorpg\serverportfolio\zoneserver\zoneserver\x64\debug\zoneserver.tlog\link.read.1.tlog
d:\작업관련\sourcetree\mmorpg\serverportfolio\zoneserver\zoneserver\x64\debug\zoneserver.tlog\link.write.1.tlog
