  App.cpp
d:\작업관련\sourcetree\mmorpg\serverportfolio\dummyclient\dummyclient\app.cpp(35): warning C4018: '<': signed 또는 unsigned가 일치하지 않습니다.
  Dummy.cpp
d:\작업관련\sourcetree\mmorpg\serverportfolio\dummyclient\dummyclient\dummy.cpp(29): warning C4244: '인수': 'float'에서 'int'(으)로 변환하면서 데이터가 손실될 수 있습니다.
d:\작업관련\sourcetree\mmorpg\serverportfolio\dummyclient\dummyclient\dummy.cpp(28): warning C4244: '인수': 'float'에서 'int'(으)로 변환하면서 데이터가 손실될 수 있습니다.
d:\작업관련\sourcetree\mmorpg\serverportfolio\dummyclient\dummyclient\dummy.cpp(37): warning C4244: '인수': 'float'에서 'int'(으)로 변환하면서 데이터가 손실될 수 있습니다.
  loginSession.cpp
  main.cpp
d:\작업관련\sourcetree\mmorpg\serverportfolio\dummyclient\dummyclient\main.cpp(21): warning C4326: 'main'의 반환 형식이 'int'이어야 하는데 'void'입니다.
  zoneSession.cpp
  코드를 생성하고 있습니다...
App.obj : error LNK2019: "public: __thiscall IOCPClass::IOCPClass(void)" (??0IOCPClass@@QAE@XZ) 외부 기호(참조 위치: "public: __thiscall App::App(int)" (??0App@@QAE@H@Z) 함수)에서 확인하지 못했습니다.
Dummy.obj : error LNK2019: "public: void __thiscall ClientSession::Send(char *,unsigned long)" (?Send@ClientSession@@QAEXPADK@Z) 외부 기호(참조 위치: "public: bool __thiscall Dummy::PathMove(void)" (?PathMove@Dummy@@QAE_NXZ) 함수)에서 확인하지 못했습니다.
loginSession.obj : error LNK2001: "public: void __thiscall ClientSession::Send(char *,unsigned long)" (?Send@ClientSession@@QAEXPADK@Z) 외부 기호를 확인할 수 없습니다.
zoneSession.obj : error LNK2001: "public: void __thiscall ClientSession::Send(char *,unsigned long)" (?Send@ClientSession@@QAEXPADK@Z) 외부 기호를 확인할 수 없습니다.
loginSession.obj : error LNK2019: "void __cdecl LOG::FileLog(char const *,char const *,int,char const *,...)" (?FileLog@LOG@@YAXPBD0H0ZZ) 외부 기호(참조 위치: "public: bool __thiscall loginSession::Connect(struct IpEndPoint *)" (?Connect@loginSession@@QAE_NPAUIpEndPoint@@@Z) 함수)에서 확인하지 못했습니다.
zoneSession.obj : error LNK2001: "void __cdecl LOG::FileLog(char const *,char const *,int,char const *,...)" (?FileLog@LOG@@YAXPBD0H0ZZ) 외부 기호를 확인할 수 없습니다.
loginSession.obj : error LNK2019: "public: void __thiscall IOCPClass::Associate(unsigned int,unsigned __int64)" (?Associate@IOCPClass@@QAEXI_K@Z) 외부 기호(참조 위치: "public: bool __thiscall loginSession::Connect(struct IpEndPoint *)" (?Connect@loginSession@@QAE_NPAUIpEndPoint@@@Z) 함수)에서 확인하지 못했습니다.
zoneSession.obj : error LNK2001: "public: void __thiscall IOCPClass::Associate(unsigned int,unsigned __int64)" (?Associate@IOCPClass@@QAEXI_K@Z) 외부 기호를 확인할 수 없습니다.
loginSession.obj : error LNK2019: "public: char * __thiscall Receiver::GetPacket(void)" (?GetPacket@Receiver@@QAEPADXZ) 외부 기호(참조 위치: "public: virtual void __thiscall loginSession::OnRecv(void)" (?OnRecv@loginSession@@UAEXXZ) 함수)에서 확인하지 못했습니다.
zoneSession.obj : error LNK2001: "public: char * __thiscall Receiver::GetPacket(void)" (?GetPacket@Receiver@@QAEPADXZ) 외부 기호를 확인할 수 없습니다.
loginSession.obj : error LNK2019: "public: __thiscall ClientSession::ClientSession(void)" (??0ClientSession@@QAE@XZ) 외부 기호(참조 위치: "public: __thiscall loginSession::loginSession(int,class IOCPClass *)" (??0loginSession@@QAE@HPAVIOCPClass@@@Z) 함수)에서 확인하지 못했습니다.
zoneSession.obj : error LNK2001: "public: __thiscall ClientSession::ClientSession(void)" (??0ClientSession@@QAE@XZ) 외부 기호를 확인할 수 없습니다.
loginSession.obj : error LNK2019: "public: virtual __thiscall ClientSession::~ClientSession(void)" (??1ClientSession@@UAE@XZ) 외부 기호(참조 위치: "public: virtual __thiscall loginSession::~loginSession(void)" (??1loginSession@@UAE@XZ) 함수)에서 확인하지 못했습니다.
zoneSession.obj : error LNK2001: "public: virtual __thiscall ClientSession::~ClientSession(void)" (??1ClientSession@@UAE@XZ) 외부 기호를 확인할 수 없습니다.
loginSession.obj : error LNK2019: "public: void __thiscall ClientSession::OnConnect(void)" (?OnConnect@ClientSession@@QAEXXZ) 외부 기호(참조 위치: "public: void __thiscall loginSession::OnConnect(void)" (?OnConnect@loginSession@@QAEXXZ) 함수)에서 확인하지 못했습니다.
zoneSession.obj : error LNK2001: "public: void __thiscall ClientSession::OnConnect(void)" (?OnConnect@ClientSession@@QAEXXZ) 외부 기호를 확인할 수 없습니다.
loginSession.obj : error LNK2019: "public: virtual void __thiscall ClientSession::DisConnect(void)" (?DisConnect@ClientSession@@UAEXXZ) 외부 기호(참조 위치: "public: virtual void __thiscall loginSession::DisConnect(void)" (?DisConnect@loginSession@@UAEXXZ) 함수)에서 확인하지 못했습니다.
zoneSession.obj : error LNK2001: "public: virtual void __thiscall ClientSession::DisConnect(void)" (?DisConnect@ClientSession@@UAEXXZ) 외부 기호를 확인할 수 없습니다.
loginSession.obj : error LNK2019: "public: void __thiscall ClientSession::Reset(void)" (?Reset@ClientSession@@QAEXXZ) 외부 기호(참조 위치: "public: void __thiscall loginSession::Reset(void)" (?Reset@loginSession@@QAEXXZ) 함수)에서 확인하지 못했습니다.
zoneSession.obj : error LNK2001: "public: void __thiscall ClientSession::Reset(void)" (?Reset@ClientSession@@QAEXXZ) 외부 기호를 확인할 수 없습니다.
loginSession.obj : error LNK2001: "public: virtual void __thiscall ClientSession::HandleOverlappedIO(struct ST_OVERLAPPED *)" (?HandleOverlappedIO@ClientSession@@UAEXPAUST_OVERLAPPED@@@Z) 외부 기호를 확인할 수 없습니다.
zoneSession.obj : error LNK2001: "public: virtual void __thiscall ClientSession::HandleOverlappedIO(struct ST_OVERLAPPED *)" (?HandleOverlappedIO@ClientSession@@UAEXPAUST_OVERLAPPED@@@Z) 외부 기호를 확인할 수 없습니다.
loginSession.obj : error LNK2001: "public: virtual void __thiscall ClientSession::GenerateOverlappedIO(void)" (?GenerateOverlappedIO@ClientSession@@UAEXXZ) 외부 기호를 확인할 수 없습니다.
zoneSession.obj : error LNK2001: "public: virtual void __thiscall ClientSession::GenerateOverlappedIO(void)" (?GenerateOverlappedIO@ClientSession@@UAEXXZ) 외부 기호를 확인할 수 없습니다.
..\..\ZoneServer\x64\Debug\_ServerLibrary.lib : warning LNK4272: 'x64' 라이브러리 컴퓨터 종류가 'x86' 대상 컴퓨터 종류와 충돌합니다.
D:\작업관련\SourceTree\MMORPG\ServerPortfolio\DummyClient\Debug\DummyClient.exe : fatal error LNK1120: 12개의 확인할 수 없는 외부 참조입니다.
