d:\work\sourcetree\mmorpg\serverportfolio\zoneserver_wsasend\serverlibrary\x64\debug\_serverlibrary.pdb
d:\work\sourcetree\mmorpg\serverportfolio\zoneserver_wsasend\serverlibrary\x64\debug\_serverlibrary.idb
d:\work\sourcetree\mmorpg\serverportfolio\zoneserver_wsasend\serverlibrary\x64\debug\workerthread.obj
d:\work\sourcetree\mmorpg\serverportfolio\zoneserver_wsasend\serverlibrary\x64\debug\sender.obj
d:\work\sourcetree\mmorpg\serverportfolio\zoneserver_wsasend\serverlibrary\x64\debug\receiver.obj
d:\work\sourcetree\mmorpg\serverportfolio\zoneserver_wsasend\serverlibrary\x64\debug\session.obj
d:\work\sourcetree\mmorpg\serverportfolio\zoneserver_wsasend\serverlibrary\x64\debug\iocpclass.obj
d:\work\sourcetree\mmorpg\serverportfolio\zoneserver_wsasend\serverlibrary\x64\debug\utils.obj
d:\work\sourcetree\mmorpg\serverportfolio\zoneserver_wsasend\serverlibrary\x64\debug\spinlock.obj
d:\work\sourcetree\mmorpg\serverportfolio\zoneserver_wsasend\serverlibrary\x64\debug\ringbuffer.obj
d:\work\sourcetree\mmorpg\serverportfolio\zoneserver_wsasend\serverlibrary\x64\debug\filelog.obj
d:\work\sourcetree\mmorpg\serverportfolio\zoneserver_wsasend\serverlibrary\x64\debug\criticalsection.obj
d:\work\sourcetree\mmorpg\serverportfolio\zoneserver_wsasend\serverlibrary\x64\debug\acceptorsession.obj
d:\work\sourcetree\mmorpg\serverportfolio\zoneserver_wsasend\serverlibrary\x64\debug\clientsession.obj
d:\work\sourcetree\mmorpg\serverportfolio\zoneserver_wsasend\x64\debug\_serverlibrary.lib
d:\work\sourcetree\mmorpg\serverportfolio\zoneserver_wsasend\x64\debug\_serverlibrary.pdb
d:\work\sourcetree\mmorpg\serverportfolio\zoneserver_wsasend\serverlibrary\x64\debug\_serverlibrary.tlog\cl.command.1.tlog
d:\work\sourcetree\mmorpg\serverportfolio\zoneserver_wsasend\serverlibrary\x64\debug\_serverlibrary.tlog\cl.read.1.tlog
d:\work\sourcetree\mmorpg\serverportfolio\zoneserver_wsasend\serverlibrary\x64\debug\_serverlibrary.tlog\cl.write.1.tlog
d:\work\sourcetree\mmorpg\serverportfolio\zoneserver_wsasend\serverlibrary\x64\debug\_serverlibrary.tlog\lib-link.read.1.tlog
d:\work\sourcetree\mmorpg\serverportfolio\zoneserver_wsasend\serverlibrary\x64\debug\_serverlibrary.tlog\lib-link.write.1.tlog
d:\work\sourcetree\mmorpg\serverportfolio\zoneserver_wsasend\serverlibrary\x64\debug\_serverlibrary.tlog\lib.command.1.tlog
