d:\작업관련\sourcetree\mmorpg\serverportfolio\zoneserver\zoneserver\x64\release\vc141.pdb
d:\작업관련\sourcetree\mmorpg\serverportfolio\zoneserver\zoneserver\x64\release\zoneserver.obj
d:\작업관련\sourcetree\mmorpg\serverportfolio\zoneserver\zoneserver\x64\release\usermanager.obj
d:\작업관련\sourcetree\mmorpg\serverportfolio\zoneserver\zoneserver\x64\release\user.obj
d:\작업관련\sourcetree\mmorpg\serverportfolio\zoneserver\zoneserver\x64\release\unit.obj
d:\작업관련\sourcetree\mmorpg\serverportfolio\zoneserver\zoneserver\x64\release\threadschedular.obj
d:\작업관련\sourcetree\mmorpg\serverportfolio\zoneserver\zoneserver\x64\release\mainthread.obj
d:\작업관련\sourcetree\mmorpg\serverportfolio\zoneserver\zoneserver\x64\release\sectormanager.obj
d:\작업관련\sourcetree\mmorpg\serverportfolio\zoneserver\zoneserver\x64\release\sector.obj
d:\작업관련\sourcetree\mmorpg\serverportfolio\zoneserver\zoneserver\x64\release\pathfinderagent.obj
d:\작업관련\sourcetree\mmorpg\serverportfolio\zoneserver\zoneserver\x64\release\packethandler.obj
d:\작업관련\sourcetree\mmorpg\serverportfolio\zoneserver\zoneserver\x64\release\monstertable.obj
d:\작업관련\sourcetree\mmorpg\serverportfolio\zoneserver\zoneserver\x64\release\monstermanager.obj
d:\작업관련\sourcetree\mmorpg\serverportfolio\zoneserver\zoneserver\x64\release\monster.obj
d:\작업관련\sourcetree\mmorpg\serverportfolio\zoneserver\zoneserver\x64\release\main.obj
d:\작업관련\sourcetree\mmorpg\serverportfolio\zoneserver\zoneserver\x64\release\loginconnector.obj
d:\작업관련\sourcetree\mmorpg\serverportfolio\zoneserver\zoneserver\x64\release\fieldtilesdata.obj
d:\작업관련\sourcetree\mmorpg\serverportfolio\zoneserver\zoneserver\x64\release\fieldmanager.obj
d:\작업관련\sourcetree\mmorpg\serverportfolio\zoneserver\zoneserver\x64\release\field.obj
d:\작업관련\sourcetree\mmorpg\serverportfolio\zoneserver\zoneserver\x64\release\dbconnector.obj
d:\작업관련\sourcetree\mmorpg\serverportfolio\zoneserver\zoneserver\x64\release\acceptor.obj
d:\작업관련\sourcetree\mmorpg\serverportfolio\zoneserver\x64\release\zoneserver.exe
d:\작업관련\sourcetree\mmorpg\serverportfolio\zoneserver\x64\release\zoneserver.pdb
d:\작업관련\sourcetree\mmorpg\serverportfolio\zoneserver\x64\release\zoneserver.ipdb
d:\작업관련\sourcetree\mmorpg\serverportfolio\zoneserver\x64\release\zoneserver.iobj
d:\작업관련\sourcetree\mmorpg\serverportfolio\zoneserver\zoneserver\x64\release\zoneserver.tlog\cl.command.1.tlog
d:\작업관련\sourcetree\mmorpg\serverportfolio\zoneserver\zoneserver\x64\release\zoneserver.tlog\cl.read.1.tlog
d:\작업관련\sourcetree\mmorpg\serverportfolio\zoneserver\zoneserver\x64\release\zoneserver.tlog\cl.write.1.tlog
d:\작업관련\sourcetree\mmorpg\serverportfolio\zoneserver\zoneserver\x64\release\zoneserver.tlog\link.command.1.tlog
d:\작업관련\sourcetree\mmorpg\serverportfolio\zoneserver\zoneserver\x64\release\zoneserver.tlog\link.read.1.tlog
d:\작업관련\sourcetree\mmorpg\serverportfolio\zoneserver\zoneserver\x64\release\zoneserver.tlog\link.write.1.tlog
d:\작업관련\sourcetree\mmorpg\serverportfolio\zoneserver\zoneserver\x64\release\zoneserver.tlog\zoneserver.write.1u.tlog
