d:\작업관련\sourcetree\mmorpg\serverportfolio\zoneserver\serverlibrary\x64\release\_serverlibrary.pdb
d:\작업관련\sourcetree\mmorpg\serverportfolio\zoneserver\serverlibrary\x64\release\workerthread.obj
d:\작업관련\sourcetree\mmorpg\serverportfolio\zoneserver\serverlibrary\x64\release\sender.obj
d:\작업관련\sourcetree\mmorpg\serverportfolio\zoneserver\serverlibrary\x64\release\receiver.obj
d:\작업관련\sourcetree\mmorpg\serverportfolio\zoneserver\serverlibrary\x64\release\session.obj
d:\작업관련\sourcetree\mmorpg\serverportfolio\zoneserver\serverlibrary\x64\release\iocpclass.obj
d:\작업관련\sourcetree\mmorpg\serverportfolio\zoneserver\serverlibrary\x64\release\utils.obj
d:\작업관련\sourcetree\mmorpg\serverportfolio\zoneserver\serverlibrary\x64\release\spinlock.obj
d:\작업관련\sourcetree\mmorpg\serverportfolio\zoneserver\serverlibrary\x64\release\ringbuffer.obj
d:\작업관련\sourcetree\mmorpg\serverportfolio\zoneserver\serverlibrary\x64\release\filelog.obj
d:\작업관련\sourcetree\mmorpg\serverportfolio\zoneserver\serverlibrary\x64\release\criticalsection.obj
d:\작업관련\sourcetree\mmorpg\serverportfolio\zoneserver\serverlibrary\x64\release\acceptorsession.obj
d:\작업관련\sourcetree\mmorpg\serverportfolio\zoneserver\serverlibrary\x64\release\clientsession.obj
d:\작업관련\sourcetree\mmorpg\serverportfolio\zoneserver\x64\release\_serverlibrary.lib
d:\작업관련\sourcetree\mmorpg\serverportfolio\zoneserver\serverlibrary\x64\release\_serverlibrary.tlog\cl.command.1.tlog
d:\작업관련\sourcetree\mmorpg\serverportfolio\zoneserver\serverlibrary\x64\release\_serverlibrary.tlog\cl.read.1.tlog
d:\작업관련\sourcetree\mmorpg\serverportfolio\zoneserver\serverlibrary\x64\release\_serverlibrary.tlog\cl.write.1.tlog
d:\작업관련\sourcetree\mmorpg\serverportfolio\zoneserver\serverlibrary\x64\release\_serverlibrary.tlog\lib-link.read.1.tlog
d:\작업관련\sourcetree\mmorpg\serverportfolio\zoneserver\serverlibrary\x64\release\_serverlibrary.tlog\lib-link.write.1.tlog
d:\작업관련\sourcetree\mmorpg\serverportfolio\zoneserver\serverlibrary\x64\release\_serverlibrary.tlog\lib.command.1.tlog
