  ClientSession.cpp
  AcceptorSession.cpp
d:\work\sourcetree\mmorpg\serverportfolio\zoneserver\serverlibrary\cppfiles\acceptorsession.cpp(97): warning C4477: 'printf' : 서식 문자열 '%d'에 'int' 형식의 인수가 필요하지만 variadic 인수 1의 형식이 'SOCKET'입니다.
  d:\work\sourcetree\mmorpg\serverportfolio\zoneserver\serverlibrary\cppfiles\acceptorsession.cpp(97): note: 서식 문자열에서 '%lld'을(를) 사용하는 것이 좋습니다.
  d:\work\sourcetree\mmorpg\serverportfolio\zoneserver\serverlibrary\cppfiles\acceptorsession.cpp(97): note: 서식 문자열에서 '%Id'을(를) 사용하는 것이 좋습니다.
  d:\work\sourcetree\mmorpg\serverportfolio\zoneserver\serverlibrary\cppfiles\acceptorsession.cpp(97): note: 서식 문자열에서 '%I64d'을(를) 사용하는 것이 좋습니다.
d:\work\sourcetree\mmorpg\serverportfolio\zoneserver\serverlibrary\cppfiles\acceptorsession.cpp(103): warning C4477: 'printf' : 서식 문자열 '%d'에 'int' 형식의 인수가 필요하지만 variadic 인수 1의 형식이 'SOCKET'입니다.
  d:\work\sourcetree\mmorpg\serverportfolio\zoneserver\serverlibrary\cppfiles\acceptorsession.cpp(103): note: 서식 문자열에서 '%lld'을(를) 사용하는 것이 좋습니다.
  d:\work\sourcetree\mmorpg\serverportfolio\zoneserver\serverlibrary\cppfiles\acceptorsession.cpp(103): note: 서식 문자열에서 '%Id'을(를) 사용하는 것이 좋습니다.
  d:\work\sourcetree\mmorpg\serverportfolio\zoneserver\serverlibrary\cppfiles\acceptorsession.cpp(103): note: 서식 문자열에서 '%I64d'을(를) 사용하는 것이 좋습니다.
  CriticalSection.cpp
  FileLog.cpp
d:\work\sourcetree\mmorpg\serverportfolio\zoneserver\serverlibrary\cppfiles\filelog.cpp(17): warning C4996: 'sprintf': This function or variable may be unsafe. Consider using sprintf_s instead. To disable deprecation, use _CRT_SECURE_NO_WARNINGS. See online help for details.
  c:\program files (x86)\windows kits\10\include\10.0.18362.0\ucrt\stdio.h(1774): note: 'sprintf' 선언을 참조하십시오.
  RingBuffer.cpp
d:\work\sourcetree\mmorpg\serverportfolio\zoneserver\serverlibrary\cppfiles\ringbuffer.cpp(164): warning C4244: 'return': '__int64'에서 'DWORD'(으)로 변환하면서 데이터가 손실될 수 있습니다.
d:\work\sourcetree\mmorpg\serverportfolio\zoneserver\serverlibrary\cppfiles\ringbuffer.cpp(178): warning C4244: 'return': '__int64'에서 'DWORD'(으)로 변환하면서 데이터가 손실될 수 있습니다.
d:\work\sourcetree\mmorpg\serverportfolio\zoneserver\serverlibrary\cppfiles\ringbuffer.cpp(183): warning C4244: 'return': '__int64'에서 'DWORD'(으)로 변환하면서 데이터가 손실될 수 있습니다.
d:\work\sourcetree\mmorpg\serverportfolio\zoneserver\serverlibrary\cppfiles\ringbuffer.cpp(191): warning C4244: 'return': '__int64'에서 'DWORD'(으)로 변환하면서 데이터가 손실될 수 있습니다.
d:\work\sourcetree\mmorpg\serverportfolio\zoneserver\serverlibrary\cppfiles\ringbuffer.cpp(195): warning C4244: 'return': '__int64'에서 'DWORD'(으)로 변환하면서 데이터가 손실될 수 있습니다.
  SpinLock.cpp
  Utils.cpp
  IOCPClass.cpp
  Session.cpp
  Receiver.cpp
d:\work\sourcetree\mmorpg\serverportfolio\zoneserver\serverlibrary\cppfiles\receiver.cpp(49): warning C4477: 'printf' : 서식 문자열 '%d'에 'int' 형식의 인수가 필요하지만 variadic 인수 1의 형식이 'SOCKET'입니다.
  d:\work\sourcetree\mmorpg\serverportfolio\zoneserver\serverlibrary\cppfiles\receiver.cpp(49): note: 서식 문자열에서 '%lld'을(를) 사용하는 것이 좋습니다.
  d:\work\sourcetree\mmorpg\serverportfolio\zoneserver\serverlibrary\cppfiles\receiver.cpp(49): note: 서식 문자열에서 '%Id'을(를) 사용하는 것이 좋습니다.
  d:\work\sourcetree\mmorpg\serverportfolio\zoneserver\serverlibrary\cppfiles\receiver.cpp(49): note: 서식 문자열에서 '%I64d'을(를) 사용하는 것이 좋습니다.
  Sender.cpp
  WorkerThread.cpp
  ServerLibrary.vcxproj -> D:\Work\SourceTree\MMORPG\ServerPortfolio\ZoneServer\x64\Release\_ServerLibrary.lib
