d:\work\sourcetree\mmorpg\serverportfolio\dummyclient\dummyclient\x64\debug\vc141.pdb
d:\work\sourcetree\mmorpg\serverportfolio\dummyclient\dummyclient\x64\debug\vc141.idb
d:\work\sourcetree\mmorpg\serverportfolio\dummyclient\dummyclient\x64\debug\workerthread.obj
d:\work\sourcetree\mmorpg\serverportfolio\dummyclient\dummyclient\x64\debug\session.obj
d:\work\sourcetree\mmorpg\serverportfolio\dummyclient\dummyclient\x64\debug\ringbuffer.obj
d:\work\sourcetree\mmorpg\serverportfolio\dummyclient\dummyclient\x64\debug\main.obj
d:\work\sourcetree\mmorpg\serverportfolio\dummyclient\dummyclient\x64\debug\logindummy.obj
d:\work\sourcetree\mmorpg\serverportfolio\dummyclient\dummyclient\x64\debug\iocpclass.obj
d:\work\sourcetree\mmorpg\serverportfolio\dummyclient\dummyclient\x64\debug\fieldtilesdata.obj
d:\work\sourcetree\mmorpg\serverportfolio\dummyclient\dummyclient\x64\debug\dummy.obj
d:\work\sourcetree\mmorpg\serverportfolio\dummyclient\dummyclient\x64\debug\app.obj
d:\work\sourcetree\mmorpg\serverportfolio\dummyclient\x64\debug\dummyclient.exe
d:\work\sourcetree\mmorpg\serverportfolio\dummyclient\x64\debug\dummyclient.ilk
d:\work\sourcetree\mmorpg\serverportfolio\dummyclient\x64\debug\dummyclient.pdb
d:\work\sourcetree\mmorpg\serverportfolio\dummyclient\dummyclient\x64\debug\dummyclient.tlog\cl.command.1.tlog
d:\work\sourcetree\mmorpg\serverportfolio\dummyclient\dummyclient\x64\debug\dummyclient.tlog\cl.read.1.tlog
d:\work\sourcetree\mmorpg\serverportfolio\dummyclient\dummyclient\x64\debug\dummyclient.tlog\cl.write.1.tlog
d:\work\sourcetree\mmorpg\serverportfolio\dummyclient\dummyclient\x64\debug\dummyclient.tlog\link.command.1.tlog
d:\work\sourcetree\mmorpg\serverportfolio\dummyclient\dummyclient\x64\debug\dummyclient.tlog\link.read.1.tlog
d:\work\sourcetree\mmorpg\serverportfolio\dummyclient\dummyclient\x64\debug\dummyclient.tlog\link.write.1.tlog
