d:\작업관련\sourcetree\mmorpg\serverportfolio_loginserver\2.loginserver\x64\debug\vc141.pdb
d:\작업관련\sourcetree\mmorpg\serverportfolio_loginserver\2.loginserver\x64\debug\vc141.idb
d:\작업관련\sourcetree\mmorpg\serverportfolio_loginserver\2.loginserver\x64\debug\zoneservermanager.obj
d:\작업관련\sourcetree\mmorpg\serverportfolio_loginserver\2.loginserver\x64\debug\zoneserveracceptor.obj
d:\작업관련\sourcetree\mmorpg\serverportfolio_loginserver\2.loginserver\x64\debug\zoneconnector.obj
d:\작업관련\sourcetree\mmorpg\serverportfolio_loginserver\2.loginserver\x64\debug\packethandler.obj
d:\작업관련\sourcetree\mmorpg\serverportfolio_loginserver\2.loginserver\x64\debug\mainthread.obj
d:\작업관련\sourcetree\mmorpg\serverportfolio_loginserver\2.loginserver\x64\debug\main.obj
d:\작업관련\sourcetree\mmorpg\serverportfolio_loginserver\2.loginserver\x64\debug\loginsessionmanager.obj
d:\작업관련\sourcetree\mmorpg\serverportfolio_loginserver\2.loginserver\x64\debug\loginsession.obj
d:\작업관련\sourcetree\mmorpg\serverportfolio_loginserver\2.loginserver\x64\debug\loginserver.obj
d:\작업관련\sourcetree\mmorpg\serverportfolio_loginserver\2.loginserver\x64\debug\heartbeatthread.obj
d:\작업관련\sourcetree\mmorpg\serverportfolio_loginserver\2.loginserver\x64\debug\dbconnector.obj
d:\작업관련\sourcetree\mmorpg\serverportfolio_loginserver\2.loginserver\x64\debug\acceptor.obj
d:\작업관련\sourcetree\mmorpg\serverportfolio_loginserver\x64\debug\2.loginserver.ilk
d:\작업관련\sourcetree\mmorpg\serverportfolio_loginserver\x64\debug\2.loginserver.exe
d:\작업관련\sourcetree\mmorpg\serverportfolio_loginserver\x64\debug\2.loginserver.pdb
d:\작업관련\sourcetree\mmorpg\serverportfolio_loginserver\2.loginserver\x64\debug\2.loginserver.tlog\cl.command.1.tlog
d:\작업관련\sourcetree\mmorpg\serverportfolio_loginserver\2.loginserver\x64\debug\2.loginserver.tlog\cl.read.1.tlog
d:\작업관련\sourcetree\mmorpg\serverportfolio_loginserver\2.loginserver\x64\debug\2.loginserver.tlog\cl.write.1.tlog
d:\작업관련\sourcetree\mmorpg\serverportfolio_loginserver\2.loginserver\x64\debug\2.loginserver.tlog\link.command.1.tlog
d:\작업관련\sourcetree\mmorpg\serverportfolio_loginserver\2.loginserver\x64\debug\2.loginserver.tlog\link.read.1.tlog
d:\작업관련\sourcetree\mmorpg\serverportfolio_loginserver\2.loginserver\x64\debug\2.loginserver.tlog\link.write.1.tlog
