  Acceptor.cpp
  DBConnector.cpp
d:\work\sourcetree\mmorpg\serverportfolio\loginserver\loginserver\dbconnector.cpp(68): warning C4477: 'printf' : 서식 문자열 '%d'에 'int' 형식의 인수가 필요하지만 variadic 인수 3의 형식이 'SOCKET'입니다.
  d:\work\sourcetree\mmorpg\serverportfolio\loginserver\loginserver\dbconnector.cpp(68): note: 서식 문자열에서 '%lld'을(를) 사용하는 것이 좋습니다.
  d:\work\sourcetree\mmorpg\serverportfolio\loginserver\loginserver\dbconnector.cpp(68): note: 서식 문자열에서 '%Id'을(를) 사용하는 것이 좋습니다.
  d:\work\sourcetree\mmorpg\serverportfolio\loginserver\loginserver\dbconnector.cpp(68): note: 서식 문자열에서 '%I64d'을(를) 사용하는 것이 좋습니다.
d:\work\sourcetree\mmorpg\serverportfolio\loginserver\loginserver\dbconnector.cpp(72): warning C4477: 'printf' : 서식 문자열 '%d'에 'int' 형식의 인수가 필요하지만 variadic 인수 3의 형식이 'SOCKET'입니다.
  d:\work\sourcetree\mmorpg\serverportfolio\loginserver\loginserver\dbconnector.cpp(72): note: 서식 문자열에서 '%lld'을(를) 사용하는 것이 좋습니다.
  d:\work\sourcetree\mmorpg\serverportfolio\loginserver\loginserver\dbconnector.cpp(72): note: 서식 문자열에서 '%Id'을(를) 사용하는 것이 좋습니다.
  d:\work\sourcetree\mmorpg\serverportfolio\loginserver\loginserver\dbconnector.cpp(72): note: 서식 문자열에서 '%I64d'을(를) 사용하는 것이 좋습니다.
  HeartBeatThread.cpp
  LogInServer.cpp
  LogInSession.cpp
d:\work\sourcetree\mmorpg\serverportfolio\loginserver\loginserver\loginsession.cpp(53): warning C4477: 'printf' : 서식 문자열 '%d'에 'int' 형식의 인수가 필요하지만 variadic 인수 3의 형식이 'SOCKET'입니다.
  d:\work\sourcetree\mmorpg\serverportfolio\loginserver\loginserver\loginsession.cpp(53): note: 서식 문자열에서 '%lld'을(를) 사용하는 것이 좋습니다.
  d:\work\sourcetree\mmorpg\serverportfolio\loginserver\loginserver\loginsession.cpp(53): note: 서식 문자열에서 '%Id'을(를) 사용하는 것이 좋습니다.
  d:\work\sourcetree\mmorpg\serverportfolio\loginserver\loginserver\loginsession.cpp(53): note: 서식 문자열에서 '%I64d'을(를) 사용하는 것이 좋습니다.
d:\work\sourcetree\mmorpg\serverportfolio\loginserver\loginserver\loginsession.cpp(57): warning C4477: 'printf' : 서식 문자열 '%d'에 'int' 형식의 인수가 필요하지만 variadic 인수 3의 형식이 'SOCKET'입니다.
  d:\work\sourcetree\mmorpg\serverportfolio\loginserver\loginserver\loginsession.cpp(57): note: 서식 문자열에서 '%lld'을(를) 사용하는 것이 좋습니다.
  d:\work\sourcetree\mmorpg\serverportfolio\loginserver\loginserver\loginsession.cpp(57): note: 서식 문자열에서 '%Id'을(를) 사용하는 것이 좋습니다.
  d:\work\sourcetree\mmorpg\serverportfolio\loginserver\loginserver\loginsession.cpp(57): note: 서식 문자열에서 '%I64d'을(를) 사용하는 것이 좋습니다.
  LogInSessionManager.cpp
  main.cpp
  MainThread.cpp
d:\work\sourcetree\mmorpg\serverportfolio\loginserver\loginserver\mainthread.cpp(216): warning C4477: 'printf' : 서식 문자열 '%d'에 'int' 형식의 인수가 필요하지만 variadic 인수 4의 형식이 'unsigned __int64'입니다.
  d:\work\sourcetree\mmorpg\serverportfolio\loginserver\loginserver\mainthread.cpp(216): note: 서식 문자열에서 '%zd'을(를) 사용하는 것이 좋습니다.
  PacketHandler.cpp
  ZoneConnector.cpp
d:\work\sourcetree\mmorpg\serverportfolio\loginserver\loginserver\zoneconnector.cpp(34): warning C4477: 'printf' : 서식 문자열 '%d'에 'int' 형식의 인수가 필요하지만 variadic 인수 3의 형식이 'SOCKET'입니다.
  d:\work\sourcetree\mmorpg\serverportfolio\loginserver\loginserver\zoneconnector.cpp(34): note: 서식 문자열에서 '%lld'을(를) 사용하는 것이 좋습니다.
  d:\work\sourcetree\mmorpg\serverportfolio\loginserver\loginserver\zoneconnector.cpp(34): note: 서식 문자열에서 '%Id'을(를) 사용하는 것이 좋습니다.
  d:\work\sourcetree\mmorpg\serverportfolio\loginserver\loginserver\zoneconnector.cpp(34): note: 서식 문자열에서 '%I64d'을(를) 사용하는 것이 좋습니다.
d:\work\sourcetree\mmorpg\serverportfolio\loginserver\loginserver\zoneconnector.cpp(38): warning C4477: 'printf' : 서식 문자열 '%d'에 'int' 형식의 인수가 필요하지만 variadic 인수 3의 형식이 'SOCKET'입니다.
  d:\work\sourcetree\mmorpg\serverportfolio\loginserver\loginserver\zoneconnector.cpp(38): note: 서식 문자열에서 '%lld'을(를) 사용하는 것이 좋습니다.
  d:\work\sourcetree\mmorpg\serverportfolio\loginserver\loginserver\zoneconnector.cpp(38): note: 서식 문자열에서 '%Id'을(를) 사용하는 것이 좋습니다.
  d:\work\sourcetree\mmorpg\serverportfolio\loginserver\loginserver\zoneconnector.cpp(38): note: 서식 문자열에서 '%I64d'을(를) 사용하는 것이 좋습니다.
  ZoneServerAcceptor.cpp
  ZoneServerManager.cpp
  코드를 생성하고 있습니다.
  1212 of 1221 functions (99.3%) were compiled, the rest were copied from previous compilation.
    72 functions were new in current compilation
    0 functions had inline decision re-evaluated but remain unchanged
  코드를 생성했습니다.
  2.LogInServer.vcxproj -> D:\Work\SourceTree\MMORPG\ServerPortfolio\LoginServer\x64\Release\LogInServer.exe
