d:\work\sourcetree\mmorpg\serverportfolio\loginserver\loginserver\x64\release\vc141.pdb
d:\work\sourcetree\mmorpg\serverportfolio\loginserver\loginserver\x64\release\zoneservermanager.obj
d:\work\sourcetree\mmorpg\serverportfolio\loginserver\loginserver\x64\release\zoneserveracceptor.obj
d:\work\sourcetree\mmorpg\serverportfolio\loginserver\loginserver\x64\release\zoneconnector.obj
d:\work\sourcetree\mmorpg\serverportfolio\loginserver\loginserver\x64\release\packethandler.obj
d:\work\sourcetree\mmorpg\serverportfolio\loginserver\loginserver\x64\release\mainthread.obj
d:\work\sourcetree\mmorpg\serverportfolio\loginserver\loginserver\x64\release\main.obj
d:\work\sourcetree\mmorpg\serverportfolio\loginserver\loginserver\x64\release\loginsessionmanager.obj
d:\work\sourcetree\mmorpg\serverportfolio\loginserver\loginserver\x64\release\loginsession.obj
d:\work\sourcetree\mmorpg\serverportfolio\loginserver\loginserver\x64\release\loginserver.obj
d:\work\sourcetree\mmorpg\serverportfolio\loginserver\loginserver\x64\release\heartbeatthread.obj
d:\work\sourcetree\mmorpg\serverportfolio\loginserver\loginserver\x64\release\dbconnector.obj
d:\work\sourcetree\mmorpg\serverportfolio\loginserver\loginserver\x64\release\acceptor.obj
d:\work\sourcetree\mmorpg\serverportfolio\loginserver\x64\release\loginserver.exe
d:\work\sourcetree\mmorpg\serverportfolio\loginserver\x64\release\loginserver.pdb
d:\work\sourcetree\mmorpg\serverportfolio\loginserver\x64\release\loginserver.ipdb
d:\work\sourcetree\mmorpg\serverportfolio\loginserver\x64\release\loginserver.iobj
d:\work\sourcetree\mmorpg\serverportfolio\loginserver\loginserver\x64\release\loginserver.tlog\cl.command.1.tlog
d:\work\sourcetree\mmorpg\serverportfolio\loginserver\loginserver\x64\release\loginserver.tlog\cl.read.1.tlog
d:\work\sourcetree\mmorpg\serverportfolio\loginserver\loginserver\x64\release\loginserver.tlog\cl.write.1.tlog
d:\work\sourcetree\mmorpg\serverportfolio\loginserver\loginserver\x64\release\loginserver.tlog\link.command.1.tlog
d:\work\sourcetree\mmorpg\serverportfolio\loginserver\loginserver\x64\release\loginserver.tlog\link.read.1.tlog
d:\work\sourcetree\mmorpg\serverportfolio\loginserver\loginserver\x64\release\loginserver.tlog\link.write.1.tlog
d:\work\sourcetree\mmorpg\serverportfolio\loginserver\loginserver\x64\release\loginserver.tlog\loginserver.write.1u.tlog
